{"asctime": "2025-04-06 16:41:14,625", "levelname": "INFO", "message": "Request received", "endpoint": "/predict", "prediction": null, "method": "POST", "input": "visual studio license visual studio license hello developer visual studio license thank best regards developer"}
{"asctime": "2025-04-06 16:41:14,626", "levelname": "INFO", "message": "Input received", "endpoint": "/predict", "prediction": null, "method": "POST", "input": "visual studio license visual studio license hello developer visual studio license thank best regards developer"}
{"asctime": "2025-04-06 16:41:14,628", "levelname": "INFO", "message": "Prediction made", "endpoint": "/predict", "prediction": "Access", "method": "POST", "input": "visual studio license visual studio license hello developer visual studio license thank best regards developer"}
{"asctime": "2025-04-06 16:42:40,056", "levelname": "INFO", "message": "Request received", "endpoint": "/predict", "prediction": null, "method": "POST", "input": "need software update"}
{"asctime": "2025-04-06 16:42:40,057", "levelname": "INFO", "message": "Input received", "endpoint": "/predict", "prediction": null, "method": "POST", "input": "need software update"}
{"asctime": "2025-04-06 16:42:40,064", "levelname": "INFO", "message": "Prediction made", "endpoint": "/predict", "prediction": "Administrative rights", "method": "POST", "input": "need software update"}
{"asctime": "2025-04-06 16:43:22,555", "levelname": "INFO", "message": "Request received", "endpoint": "/predict", "prediction": null, "method": "POST", "input": "system hello movement has left available device please kind device denmark copenhagen denmark please source quotation shipping by lead"}
{"asctime": "2025-04-06 16:43:22,555", "levelname": "INFO", "message": "Input received", "endpoint": "/predict", "prediction": null, "method": "POST", "input": "system hello movement has left available device please kind device denmark copenhagen denmark please source quotation shipping by lead"}
{"asctime": "2025-04-06 16:43:22,559", "levelname": "INFO", "message": "Prediction made", "endpoint": "/predict", "prediction": "Purchase", "method": "POST", "input": "system hello movement has left available device please kind device denmark copenhagen denmark please source quotation shipping by lead"}
{"asctime": "2025-04-06 16:46:41,059", "levelname": "INFO", "message": "Request received", "endpoint": "/predict", "prediction": null, "method": "POST", "input": "Need RAM"}
{"asctime": "2025-04-06 16:46:41,060", "levelname": "INFO", "message": "Input received", "endpoint": "/predict", "prediction": null, "method": "POST", "input": "Need RAM"}
{"asctime": "2025-04-06 16:46:41,072", "levelname": "INFO", "message": "Prediction made", "endpoint": "/predict", "prediction": "Hardware", "method": "POST", "input": "Need RAM"}
{"asctime": "2025-04-06 17:02:44,336", "levelname": "INFO", "message": "Request received", "endpoint": "/predict", "prediction": null, "method": "POST", "input": "Need RAM"}
{"asctime": "2025-04-06 17:02:44,338", "levelname": "INFO", "message": "Input received", "endpoint": "/predict", "prediction": null, "method": "POST", "input": "Need RAM"}
{"asctime": "2025-04-06 17:02:44,346", "levelname": "INFO", "message": "Prediction made", "endpoint": "/predict", "prediction": "Hardware", "method": "POST", "input": "Need RAM", "latency_ms": 10, "status_code": 200}
{"asctime": "2025-04-07 01:09:09,738", "levelname": "INFO", "message": "Request received", "endpoint": "/predict", "prediction": null, "method": "POST", "input": "need access"}
{"asctime": "2025-04-07 01:09:09,739", "levelname": "INFO", "message": "Input received", "endpoint": "/predict", "prediction": null, "method": "POST", "input": "need access"}
{"asctime": "2025-04-07 01:09:09,747", "levelname": "INFO", "message": "Prediction made", "endpoint": "/predict", "prediction": "Hardware", "method": "POST", "input": "need access", "latency_ms": 10, "status_code": 200}
{"asctime": "2025-04-07 01:10:25,342", "levelname": "INFO", "message": "Request received", "endpoint": "/predict", "prediction": null, "method": "POST", "input": "need software"}
{"asctime": "2025-04-07 01:10:25,343", "levelname": "INFO", "message": "Input received", "endpoint": "/predict", "prediction": null, "method": "POST", "input": "need software"}
{"asctime": "2025-04-07 01:10:25,346", "levelname": "INFO", "message": "Prediction made", "endpoint": "/predict", "prediction": "Administrative rights", "method": "POST", "input": "need software", "latency_ms": 4, "status_code": 200}
{"asctime": "2025-04-07 01:10:46,779", "levelname": "INFO", "message": "Request received", "endpoint": "/predict", "prediction": null, "method": "POST", "input": "hr support"}
{"asctime": "2025-04-07 01:10:46,781", "levelname": "INFO", "message": "Input received", "endpoint": "/predict", "prediction": null, "method": "POST", "input": "hr support"}
{"asctime": "2025-04-07 01:10:46,784", "levelname": "INFO", "message": "Prediction made", "endpoint": "/predict", "prediction": "Miscellaneous", "method": "POST", "input": "hr support", "latency_ms": 4, "status_code": 200}
{"asctime": "2025-04-07 15:04:26,154", "levelname": "INFO", "message": "Request received", "endpoint": "/predict", "prediction": null, "method": "POST", "input": "need software"}
{"asctime": "2025-04-07 15:04:26,156", "levelname": "INFO", "message": "Input received", "endpoint": "/predict", "prediction": null, "method": "POST", "input": "need software"}
{"asctime": "2025-04-07 15:04:26,169", "levelname": "INFO", "message": "Prediction made", "endpoint": "/predict", "prediction": "Administrative rights", "method": "POST", "input": "need software", "latency_ms": 14, "status_code": 200}
